0 info it worked if it ends with ok
1 verbose cli [ '/usr/local/bin/node',
1 verbose cli   '/usr/local/bin/npm',
1 verbose cli   'uninstall',
1 verbose cli   'babel-preset-es2015' ]
2 info using npm@2.14.3
3 info using node@v4.0.0
4 verbose unbuild node_modules/babel-preset-es2015
5 info preuninstall babel-preset-es2015@6.9.0
6 info uninstall babel-preset-es2015@6.9.0
7 verbose unbuild rmStuff babel-preset-es2015@6.9.0 from /Users/Mihej/Desktop/module/node_modules/node-url-converter/node_modules
8 info postuninstall babel-preset-es2015@6.9.0
9 silly gentlyRm /Users/Mihej/Desktop/module/node_modules/node-url-converter/node_modules/babel-preset-es2015 is being purged from base /Users/Mihej/Desktop/module/node_modules/node-url-converter
10 verbose gentlyRm don't care about contents; nuking /Users/Mihej/Desktop/module/node_modules/node-url-converter/node_modules/babel-preset-es2015
11 silly vacuum-fs purging /Users/Mihej/Desktop/module/node_modules/node-url-converter/node_modules/babel-preset-es2015
12 verbose stack Error: EACCES: permission denied, unlink '/Users/Mihej/Desktop/module/node_modules/node-url-converter/node_modules/babel-preset-es2015/node_modules/babel-plugin-transform-regenerator/node_modules/.bin/babylon'
12 verbose stack     at Error (native)
13 verbose cwd /Users/Mihej/Desktop/module/node_modules/node-url-converter
14 error Darwin 15.3.0
15 error argv "/usr/local/bin/node" "/usr/local/bin/npm" "uninstall" "babel-preset-es2015"
16 error node v4.0.0
17 error npm  v2.14.3
18 error path /Users/Mihej/Desktop/module/node_modules/node-url-converter/node_modules/babel-preset-es2015/node_modules/babel-plugin-transform-regenerator/node_modules/.bin/babylon
19 error code EACCES
20 error errno -13
21 error syscall unlink
22 error Error: EACCES: permission denied, unlink '/Users/Mihej/Desktop/module/node_modules/node-url-converter/node_modules/babel-preset-es2015/node_modules/babel-plugin-transform-regenerator/node_modules/.bin/babylon'
22 error     at Error (native)
22 error  { [Error: EACCES: permission denied, unlink '/Users/Mihej/Desktop/module/node_modules/node-url-converter/node_modules/babel-preset-es2015/node_modules/babel-plugin-transform-regenerator/node_modules/.bin/babylon']
22 error   errno: -13,
22 error   code: 'EACCES',
22 error   syscall: 'unlink',
22 error   path: '/Users/Mihej/Desktop/module/node_modules/node-url-converter/node_modules/babel-preset-es2015/node_modules/babel-plugin-transform-regenerator/node_modules/.bin/babylon' }
23 error Please try running this command again as root/Administrator.
24 verbose exit [ -13, true ]
